2014-07-16 11:00:21,655 [main] INFO  webxml.WebxmlGrailsPlugin  - Loading default config file: class DefaultWebXmlConfig
2014-07-16 11:00:21,670 [main] WARN  webxml.WebxmlGrailsPlugin  - Did not find application config file: WebXmlConfig
2014-07-16 11:00:22,351 [main] INFO  webxml.WebxmlGrailsPlugin  - Loading default config file: class DefaultWebXmlConfig
2014-07-16 11:00:22,355 [main] WARN  webxml.WebxmlGrailsPlugin  - Did not find application config file: WebXmlConfig
2014-07-16 11:00:26,194 [localhost-startStop-1] INFO  [localhost].[/p1]  - Initializing Spring root WebApplicationContext
2014-07-16 11:00:31,534 [localhost-startStop-1] INFO  hibernate4.HibernatePluginSupport  - Set db generation strategy to 'update' for datasource DEFAULT
2014-07-16 11:00:33,063 [localhost-startStop-1] INFO  cache.CacheBeanPostProcessor  - postProcessBeanDefinitionRegistry start
2014-07-16 11:00:33,076 [localhost-startStop-1] INFO  cache.CacheBeanPostProcessor  - postProcessBeanFactory
2014-07-16 11:00:33,161 [localhost-startStop-1] WARN  pool.ConnectionPool  - maxActive is smaller than 1, setting maxActive to: 100
2014-07-16 11:00:34,279 [localhost-startStop-1] WARN  config.ConfigurationFactory  - No configuration found. Configuring ehcache from ehcache-failsafe.xml  found in the classpath: jar:file:/Users/philjay/.m2/repository/net/sf/ehcache/ehcache-core/2.4.8/ehcache-core-2.4.8.jar!/ehcache-failsafe.xml
2014-07-16 11:00:37,180 [localhost-startStop-1] INFO  scaffolding.AbstractGrailsTemplateGenerator  - Scaffolding template generator set to use resource loader [org.codehaus.groovy.grails.commons.spring.GrailsWebApplicationContext@6a7edb15: startup date [Wed Jul 16 11:00:32 PDT 2014]; parent: Root WebApplicationContext]
2014-07-16 11:00:41,970 [localhost-startStop-1] WARN  intercept.AnnotationFilterInvocationDefinition  - replaced rule for '/secuser/save' with tokens [ROLE_ADMIN, ROLE_USER, IS_AUTHENTICATED_FULLY] with tokens [ROLE_ADMIN, ROLE_USER, IS_AUTHENTICATED_FULLY]
2014-07-16 11:00:41,970 [localhost-startStop-1] WARN  intercept.AnnotationFilterInvocationDefinition  - replaced rule for '/secuser/save.*' with tokens [ROLE_ADMIN, ROLE_USER, IS_AUTHENTICATED_FULLY] with tokens [ROLE_ADMIN, ROLE_USER, IS_AUTHENTICATED_FULLY]
2014-07-16 11:00:41,971 [localhost-startStop-1] WARN  intercept.AnnotationFilterInvocationDefinition  - replaced rule for '/secuser/save/**' with tokens [ROLE_ADMIN, ROLE_USER, IS_AUTHENTICATED_FULLY] with tokens [ROLE_ADMIN, ROLE_USER, IS_AUTHENTICATED_FULLY]
2014-07-16 11:00:42,023 [localhost-startStop-1] INFO  ScaffoldingGrailsPlugin  - configuring scaffolding...
2014-07-16 11:00:42,028 [localhost-startStop-1] INFO  ScaffoldingGrailsPlugin  - done configuring scaffolding.
2014-07-16 11:00:42,121 [localhost-startStop-1] INFO  context.GrailsConfigUtils  - [GrailsContextLoader] Grails application loaded.
2014-07-16 11:00:42,205 [localhost-startStop-1] INFO  conf.BootStrap  - begin boostrap
2014-07-16 11:00:42,414 [localhost-startStop-1] INFO  [localhost].[/p1]  - Initializing Spring FrameworkServlet 'grails'
2014-07-16 11:00:42,519 [main] INFO  http11.Http11Protocol  - Starting ProtocolHandler ["http-bio-8080"]
2014-07-16 11:00:42,788 [http-bio-8080-exec-4] INFO  springsecurity.LoginController  - inside auth() of LoginController
2014-07-16 11:00:42,789 [http-bio-8080-exec-5] INFO  springsecurity.LoginController  - inside auth() of LoginController
2014-07-16 11:00:42,790 [http-bio-8080-exec-3] INFO  springsecurity.LoginController  - inside auth() of LoginController
2014-07-16 11:03:21,147 [http-bio-8080-exec-4] INFO  [localhost].[/p1]  - Initializing Spring FrameworkServlet 'gsp'
2014-07-16 11:03:21,147 [http-bio-8080-exec-4] INFO  [localhost].[/p1]  - GSP servlet initialized
2014-07-16 11:32:25,813 [Thread-9] INFO  domain.GrailsDomainClassCleaner  - Clearing static property staticGormStaticApi in grails.plugin.springsecurity.ui.RegistrationCode
2014-07-16 11:32:25,815 [Thread-9] INFO  domain.GrailsDomainClassCleaner  - Clearing static property instanceGormInstanceApi in grails.plugin.springsecurity.ui.RegistrationCode
2014-07-16 11:32:25,820 [Thread-9] INFO  domain.GrailsDomainClassCleaner  - Clearing static property instanceGormValidationApi in grails.plugin.springsecurity.ui.RegistrationCode
2014-07-16 11:32:25,825 [Thread-9] INFO  domain.GrailsDomainClassCleaner  - Clearing static property staticGormStaticApi in com.p1.SecRole
2014-07-16 11:32:25,828 [Thread-9] INFO  domain.GrailsDomainClassCleaner  - Clearing static property instanceGormInstanceApi in com.p1.SecRole
2014-07-16 11:32:25,832 [Thread-9] INFO  domain.GrailsDomainClassCleaner  - Clearing static property instanceGormValidationApi in com.p1.SecRole
2014-07-16 11:32:25,837 [Thread-9] INFO  domain.GrailsDomainClassCleaner  - Clearing static property staticGormStaticApi in com.p1.SecUser
2014-07-16 11:32:25,843 [Thread-9] INFO  domain.GrailsDomainClassCleaner  - Clearing static property instanceGormInstanceApi in com.p1.SecUser
2014-07-16 11:32:25,846 [Thread-9] INFO  domain.GrailsDomainClassCleaner  - Clearing static property instanceGormValidationApi in com.p1.SecUser
2014-07-16 11:32:25,850 [Thread-9] INFO  domain.GrailsDomainClassCleaner  - Clearing static property staticGormStaticApi in com.p1.SecUserSecRole
2014-07-16 11:32:25,854 [Thread-9] INFO  domain.GrailsDomainClassCleaner  - Clearing static property instanceGormInstanceApi in com.p1.SecUserSecRole
2014-07-16 11:32:25,858 [Thread-9] INFO  domain.GrailsDomainClassCleaner  - Clearing static property instanceGormValidationApi in com.p1.SecUserSecRole
2014-07-16 11:32:25,862 [Thread-9] INFO  domain.GrailsDomainClassCleaner  - Clearing static property staticGormStaticApi in p1.First
2014-07-16 11:32:25,865 [Thread-9] INFO  domain.GrailsDomainClassCleaner  - Clearing static property instanceGormInstanceApi in p1.First
2014-07-16 11:32:25,868 [Thread-9] INFO  domain.GrailsDomainClassCleaner  - Clearing static property instanceGormValidationApi in p1.First
2014-07-16 11:32:25,871 [Thread-9] INFO  domain.GrailsDomainClassCleaner  - Clearing static property instanceGormValidationApi in unity.User
2014-07-16 11:32:25,874 [Thread-9] INFO  domain.GrailsDomainClassCleaner  - Clearing static property staticGormStaticApi in unity.User
2014-07-16 11:32:25,877 [Thread-9] INFO  domain.GrailsDomainClassCleaner  - Clearing static property instanceGormInstanceApi in unity.User
