2014-06-11 10:27:09,849 [http-bio-8080-exec-10] INFO  [localhost].[/p1]  - Initializing Spring FrameworkServlet 'gsp'
2014-06-11 10:27:09,849 [http-bio-8080-exec-10] INFO  [localhost].[/p1]  - GSP servlet initialized
2014-06-11 10:27:09,921 [http-bio-8080-exec-10] ERROR [/p1].[gsp]  - Servlet.service() for servlet [gsp] in context with path [/p1] threw exception
java.lang.NullPointerException: Cannot invoke method matchAll() on null object
	at grails.plugin.springsecurity.ReflectionUtils.matchAllUrlMappings(ReflectionUtils.groovy:216)
	at grails.plugin.springsecurity.web.access.intercept.AnnotationFilterInvocationDefinition.determineUrl(AnnotationFilterInvocationDefinition.java:102)
	at grails.plugin.springsecurity.web.access.intercept.AbstractFilterInvocationDefinition.getAttributes(AbstractFilterInvocationDefinition.java:86)
	at grails.plugin.springsecurity.web.filter.GrailsAnonymousAuthenticationFilter.doFilter(GrailsAnonymousAuthenticationFilter.java:53)
	at grails.plugin.springsecurity.web.authentication.RequestHolderAuthenticationFilter.doFilter(RequestHolderAuthenticationFilter.java:49)
	at grails.plugin.springsecurity.web.authentication.logout.MutableLogoutFilter.doFilter(MutableLogoutFilter.java:82)
	at java.util.concurrent.ThreadPoolExecutor.runWorker(ThreadPoolExecutor.java:1145)
	at java.util.concurrent.ThreadPoolExecutor$Worker.run(ThreadPoolExecutor.java:615)
	at java.lang.Thread.run(Thread.java:745)
2014-06-11 10:27:09,947 [http-bio-8080-exec-10] INFO  [localhost].[/p1]  - Initializing Spring FrameworkServlet 'grails-errorhandler'
2014-06-11 10:27:11,628 [http-bio-8080-exec-5] ERROR [/p1].[default]  - Servlet.service() for servlet [default] in context with path [/p1] threw exception
java.lang.NullPointerException: Cannot invoke method matchAll() on null object
	at grails.plugin.springsecurity.ReflectionUtils.matchAllUrlMappings(ReflectionUtils.groovy:216)
	at grails.plugin.springsecurity.web.access.intercept.AnnotationFilterInvocationDefinition.determineUrl(AnnotationFilterInvocationDefinition.java:102)
	at grails.plugin.springsecurity.web.access.intercept.AbstractFilterInvocationDefinition.getAttributes(AbstractFilterInvocationDefinition.java:86)
	at grails.plugin.springsecurity.web.filter.GrailsAnonymousAuthenticationFilter.doFilter(GrailsAnonymousAuthenticationFilter.java:53)
	at grails.plugin.springsecurity.web.authentication.RequestHolderAuthenticationFilter.doFilter(RequestHolderAuthenticationFilter.java:49)
	at grails.plugin.springsecurity.web.authentication.logout.MutableLogoutFilter.doFilter(MutableLogoutFilter.java:82)
	at asset.pipeline.AssetPipelineFilter.doFilter(AssetPipelineFilter.groovy:62)
	at java.util.concurrent.ThreadPoolExecutor.runWorker(ThreadPoolExecutor.java:1145)
	at java.util.concurrent.ThreadPoolExecutor$Worker.run(ThreadPoolExecutor.java:615)
	at java.lang.Thread.run(Thread.java:745)
2014-06-11 10:27:11,628 [http-bio-8080-exec-7] ERROR [/p1].[default]  - Servlet.service() for servlet [default] in context with path [/p1] threw exception
java.lang.NullPointerException: Cannot invoke method matchAll() on null object
	at grails.plugin.springsecurity.ReflectionUtils.matchAllUrlMappings(ReflectionUtils.groovy:216)
	at grails.plugin.springsecurity.web.access.intercept.AnnotationFilterInvocationDefinition.determineUrl(AnnotationFilterInvocationDefinition.java:102)
	at grails.plugin.springsecurity.web.access.intercept.AbstractFilterInvocationDefinition.getAttributes(AbstractFilterInvocationDefinition.java:86)
	at grails.plugin.springsecurity.web.filter.GrailsAnonymousAuthenticationFilter.doFilter(GrailsAnonymousAuthenticationFilter.java:53)
	at grails.plugin.springsecurity.web.authentication.RequestHolderAuthenticationFilter.doFilter(RequestHolderAuthenticationFilter.java:49)
	at grails.plugin.springsecurity.web.authentication.logout.MutableLogoutFilter.doFilter(MutableLogoutFilter.java:82)
	at asset.pipeline.AssetPipelineFilter.doFilter(AssetPipelineFilter.groovy:62)
	at java.util.concurrent.ThreadPoolExecutor.runWorker(ThreadPoolExecutor.java:1145)
	at java.util.concurrent.ThreadPoolExecutor$Worker.run(ThreadPoolExecutor.java:615)
	at java.lang.Thread.run(Thread.java:745)
2014-06-11 10:27:11,628 [http-bio-8080-exec-2] ERROR [/p1].[default]  - Servlet.service() for servlet [default] in context with path [/p1] threw exception
java.lang.NullPointerException: Cannot invoke method matchAll() on null object
	at grails.plugin.springsecurity.ReflectionUtils.matchAllUrlMappings(ReflectionUtils.groovy:216)
	at grails.plugin.springsecurity.web.access.intercept.AnnotationFilterInvocationDefinition.determineUrl(AnnotationFilterInvocationDefinition.java:102)
	at grails.plugin.springsecurity.web.access.intercept.AbstractFilterInvocationDefinition.getAttributes(AbstractFilterInvocationDefinition.java:86)
	at grails.plugin.springsecurity.web.filter.GrailsAnonymousAuthenticationFilter.doFilter(GrailsAnonymousAuthenticationFilter.java:53)
	at grails.plugin.springsecurity.web.authentication.RequestHolderAuthenticationFilter.doFilter(RequestHolderAuthenticationFilter.java:49)
	at grails.plugin.springsecurity.web.authentication.logout.MutableLogoutFilter.doFilter(MutableLogoutFilter.java:82)
	at asset.pipeline.AssetPipelineFilter.doFilter(AssetPipelineFilter.groovy:62)
	at java.util.concurrent.ThreadPoolExecutor.runWorker(ThreadPoolExecutor.java:1145)
	at java.util.concurrent.ThreadPoolExecutor$Worker.run(ThreadPoolExecutor.java:615)
	at java.lang.Thread.run(Thread.java:745)
2014-06-11 10:27:11,628 [http-bio-8080-exec-6] ERROR [/p1].[default]  - Servlet.service() for servlet [default] in context with path [/p1] threw exception
java.lang.NullPointerException: Cannot invoke method matchAll() on null object
	at grails.plugin.springsecurity.ReflectionUtils.matchAllUrlMappings(ReflectionUtils.groovy:216)
	at grails.plugin.springsecurity.web.access.intercept.AnnotationFilterInvocationDefinition.determineUrl(AnnotationFilterInvocationDefinition.java:102)
	at grails.plugin.springsecurity.web.access.intercept.AbstractFilterInvocationDefinition.getAttributes(AbstractFilterInvocationDefinition.java:86)
	at grails.plugin.springsecurity.web.filter.GrailsAnonymousAuthenticationFilter.doFilter(GrailsAnonymousAuthenticationFilter.java:53)
	at grails.plugin.springsecurity.web.authentication.RequestHolderAuthenticationFilter.doFilter(RequestHolderAuthenticationFilter.java:49)
	at grails.plugin.springsecurity.web.authentication.logout.MutableLogoutFilter.doFilter(MutableLogoutFilter.java:82)
	at asset.pipeline.AssetPipelineFilter.doFilter(AssetPipelineFilter.groovy:62)
	at java.util.concurrent.ThreadPoolExecutor.runWorker(ThreadPoolExecutor.java:1145)
	at java.util.concurrent.ThreadPoolExecutor$Worker.run(ThreadPoolExecutor.java:615)
	at java.lang.Thread.run(Thread.java:745)
2014-06-11 10:27:11,628 [http-bio-8080-exec-8] ERROR [/p1].[default]  - Servlet.service() for servlet [default] in context with path [/p1] threw exception
java.lang.NullPointerException: Cannot invoke method matchAll() on null object
	at grails.plugin.springsecurity.ReflectionUtils.matchAllUrlMappings(ReflectionUtils.groovy:216)
	at grails.plugin.springsecurity.web.access.intercept.AnnotationFilterInvocationDefinition.determineUrl(AnnotationFilterInvocationDefinition.java:102)
	at grails.plugin.springsecurity.web.access.intercept.AbstractFilterInvocationDefinition.getAttributes(AbstractFilterInvocationDefinition.java:86)
	at grails.plugin.springsecurity.web.filter.GrailsAnonymousAuthenticationFilter.doFilter(GrailsAnonymousAuthenticationFilter.java:53)
	at grails.plugin.springsecurity.web.authentication.RequestHolderAuthenticationFilter.doFilter(RequestHolderAuthenticationFilter.java:49)
	at grails.plugin.springsecurity.web.authentication.logout.MutableLogoutFilter.doFilter(MutableLogoutFilter.java:82)
	at asset.pipeline.AssetPipelineFilter.doFilter(AssetPipelineFilter.groovy:62)
	at java.util.concurrent.ThreadPoolExecutor.runWorker(ThreadPoolExecutor.java:1145)
	at java.util.concurrent.ThreadPoolExecutor$Worker.run(ThreadPoolExecutor.java:615)
	at java.lang.Thread.run(Thread.java:745)
2014-06-11 10:27:11,628 [http-bio-8080-exec-9] ERROR [/p1].[default]  - Servlet.service() for servlet [default] in context with path [/p1] threw exception
java.lang.NullPointerException: Cannot invoke method matchAll() on null object
	at grails.plugin.springsecurity.ReflectionUtils.matchAllUrlMappings(ReflectionUtils.groovy:216)
	at grails.plugin.springsecurity.web.access.intercept.AnnotationFilterInvocationDefinition.determineUrl(AnnotationFilterInvocationDefinition.java:102)
	at grails.plugin.springsecurity.web.access.intercept.AbstractFilterInvocationDefinition.getAttributes(AbstractFilterInvocationDefinition.java:86)
	at grails.plugin.springsecurity.web.filter.GrailsAnonymousAuthenticationFilter.doFilter(GrailsAnonymousAuthenticationFilter.java:53)
	at grails.plugin.springsecurity.web.authentication.RequestHolderAuthenticationFilter.doFilter(RequestHolderAuthenticationFilter.java:49)
	at grails.plugin.springsecurity.web.authentication.logout.MutableLogoutFilter.doFilter(MutableLogoutFilter.java:82)
	at asset.pipeline.AssetPipelineFilter.doFilter(AssetPipelineFilter.groovy:62)
	at java.util.concurrent.ThreadPoolExecutor.runWorker(ThreadPoolExecutor.java:1145)
	at java.util.concurrent.ThreadPoolExecutor$Worker.run(ThreadPoolExecutor.java:615)
	at java.lang.Thread.run(Thread.java:745)
2014-06-11 10:27:12,189 [http-bio-8080-exec-3] ERROR [/p1].[default]  - Servlet.service() for servlet [default] in context with path [/p1] threw exception
java.lang.NullPointerException: Cannot invoke method matchAll() on null object
	at grails.plugin.springsecurity.ReflectionUtils.matchAllUrlMappings(ReflectionUtils.groovy:216)
	at grails.plugin.springsecurity.web.access.intercept.AnnotationFilterInvocationDefinition.determineUrl(AnnotationFilterInvocationDefinition.java:102)
	at grails.plugin.springsecurity.web.access.intercept.AbstractFilterInvocationDefinition.getAttributes(AbstractFilterInvocationDefinition.java:86)
	at grails.plugin.springsecurity.web.filter.GrailsAnonymousAuthenticationFilter.doFilter(GrailsAnonymousAuthenticationFilter.java:53)
	at grails.plugin.springsecurity.web.authentication.RequestHolderAuthenticationFilter.doFilter(RequestHolderAuthenticationFilter.java:49)
	at grails.plugin.springsecurity.web.authentication.logout.MutableLogoutFilter.doFilter(MutableLogoutFilter.java:82)
	at asset.pipeline.AssetPipelineFilter.doFilter(AssetPipelineFilter.groovy:62)
	at java.util.concurrent.ThreadPoolExecutor.runWorker(ThreadPoolExecutor.java:1145)
	at java.util.concurrent.ThreadPoolExecutor$Worker.run(ThreadPoolExecutor.java:615)
	at java.lang.Thread.run(Thread.java:745)
2014-06-11 10:27:12,240 [http-bio-8080-exec-1] ERROR [/p1].[default]  - Servlet.service() for servlet [default] in context with path [/p1] threw exception
java.lang.NullPointerException: Cannot invoke method matchAll() on null object
	at grails.plugin.springsecurity.ReflectionUtils.matchAllUrlMappings(ReflectionUtils.groovy:216)
	at grails.plugin.springsecurity.web.access.intercept.AnnotationFilterInvocationDefinition.determineUrl(AnnotationFilterInvocationDefinition.java:102)
	at grails.plugin.springsecurity.web.access.intercept.AbstractFilterInvocationDefinition.getAttributes(AbstractFilterInvocationDefinition.java:86)
	at grails.plugin.springsecurity.web.filter.GrailsAnonymousAuthenticationFilter.doFilter(GrailsAnonymousAuthenticationFilter.java:53)
	at grails.plugin.springsecurity.web.authentication.RequestHolderAuthenticationFilter.doFilter(RequestHolderAuthenticationFilter.java:49)
	at grails.plugin.springsecurity.web.authentication.logout.MutableLogoutFilter.doFilter(MutableLogoutFilter.java:82)
	at asset.pipeline.AssetPipelineFilter.doFilter(AssetPipelineFilter.groovy:62)
	at java.util.concurrent.ThreadPoolExecutor.runWorker(ThreadPoolExecutor.java:1145)
	at java.util.concurrent.ThreadPoolExecutor$Worker.run(ThreadPoolExecutor.java:615)
	at java.lang.Thread.run(Thread.java:745)
2014-06-11 10:28:42,261 [Thread-13] INFO  compiler.GrailsProjectWatcher  - File [/Users/georgeqwu/Documents/workspace-ggts/p1/grails-app/conf/Config.groovy] changed. Applying changes to application.
2014-06-11 10:28:42,721 [Thread-8] INFO  compiler.GrailsProjectWatcher  - File [/Users/georgeqwu/Documents/workspace-ggts/p1/grails-app/conf/Config.groovy] changed. Applying changes to application.
2014-06-11 10:28:49,171 [Thread-7] INFO  domain.GrailsDomainClassCleaner  - Clearing static property staticGormStaticApi in com.p1.SecRole
2014-06-11 10:28:49,172 [Thread-7] INFO  domain.GrailsDomainClassCleaner  - Clearing static property instanceGormInstanceApi in com.p1.SecRole
2014-06-11 10:28:49,176 [Thread-7] INFO  domain.GrailsDomainClassCleaner  - Clearing static property instanceGormValidationApi in com.p1.SecRole
2014-06-11 10:28:49,180 [Thread-7] INFO  domain.GrailsDomainClassCleaner  - Clearing static property staticGormStaticApi in com.p1.SecUser
2014-06-11 10:28:49,183 [Thread-7] INFO  domain.GrailsDomainClassCleaner  - Clearing static property instanceGormInstanceApi in com.p1.SecUser
2014-06-11 10:28:49,185 [Thread-7] INFO  domain.GrailsDomainClassCleaner  - Clearing static property instanceGormValidationApi in com.p1.SecUser
2014-06-11 10:28:49,189 [Thread-7] INFO  domain.GrailsDomainClassCleaner  - Clearing static property staticGormStaticApi in com.p1.SecUserSecRole
2014-06-11 10:28:49,192 [Thread-7] INFO  domain.GrailsDomainClassCleaner  - Clearing static property instanceGormInstanceApi in com.p1.SecUserSecRole
2014-06-11 10:28:49,195 [Thread-7] INFO  domain.GrailsDomainClassCleaner  - Clearing static property instanceGormValidationApi in com.p1.SecUserSecRole
2014-06-11 10:28:49,198 [Thread-7] INFO  domain.GrailsDomainClassCleaner  - Clearing static property staticGormStaticApi in p1.First
2014-06-11 10:28:49,201 [Thread-7] INFO  domain.GrailsDomainClassCleaner  - Clearing static property instanceGormInstanceApi in p1.First
2014-06-11 10:28:49,204 [Thread-7] INFO  domain.GrailsDomainClassCleaner  - Clearing static property instanceGormValidationApi in p1.First
2014-06-11 10:28:49,207 [Thread-7] INFO  domain.GrailsDomainClassCleaner  - Clearing static property instanceGormValidationApi in unity.Users
2014-06-11 10:28:49,210 [Thread-7] INFO  domain.GrailsDomainClassCleaner  - Clearing static property staticGormStaticApi in unity.Users
2014-06-11 10:28:49,213 [Thread-7] INFO  domain.GrailsDomainClassCleaner  - Clearing static property instanceGormInstanceApi in unity.Users
2014-06-11 10:30:24,875 [main] INFO  webxml.WebxmlGrailsPlugin  - Loading default config file: class DefaultWebXmlConfig
2014-06-11 10:30:24,895 [main] WARN  webxml.WebxmlGrailsPlugin  - Did not find application config file: WebXmlConfig
2014-06-11 10:30:26,191 [main] INFO  webxml.WebxmlGrailsPlugin  - Loading default config file: class DefaultWebXmlConfig
2014-06-11 10:30:26,195 [main] WARN  webxml.WebxmlGrailsPlugin  - Did not find application config file: WebXmlConfig
2014-06-11 10:30:29,765 [localhost-startStop-1] INFO  [localhost].[/p1]  - Initializing Spring root WebApplicationContext
2014-06-11 10:30:34,004 [localhost-startStop-1] INFO  hibernate4.HibernatePluginSupport  - Set db generation strategy to 'update' for datasource DEFAULT
2014-06-11 10:30:34,929 [localhost-startStop-1] INFO  cache.CacheBeanPostProcessor  - postProcessBeanDefinitionRegistry start
2014-06-11 10:30:34,940 [localhost-startStop-1] INFO  cache.CacheBeanPostProcessor  - postProcessBeanFactory
2014-06-11 10:30:35,012 [localhost-startStop-1] WARN  pool.ConnectionPool  - maxActive is smaller than 1, setting maxActive to: 100
2014-06-11 10:30:35,750 [localhost-startStop-1] WARN  config.ConfigurationFactory  - No configuration found. Configuring ehcache from ehcache-failsafe.xml  found in the classpath: jar:file:/Users/georgeqwu/.m2/repository/net/sf/ehcache/ehcache-core/2.4.8/ehcache-core-2.4.8.jar!/ehcache-failsafe.xml
2014-06-11 10:30:37,576 [localhost-startStop-1] INFO  scaffolding.AbstractGrailsTemplateGenerator  - Scaffolding template generator set to use resource loader [org.codehaus.groovy.grails.commons.spring.GrailsWebApplicationContext@2ddea592: startup date [Wed Jun 11 10:30:34 PDT 2014]; parent: Root WebApplicationContext]
2014-06-11 10:30:40,064 [localhost-startStop-1] INFO  ScaffoldingGrailsPlugin  - configuring scaffolding...
2014-06-11 10:30:40,068 [localhost-startStop-1] INFO  ScaffoldingGrailsPlugin  - done configuring scaffolding.
2014-06-11 10:30:40,138 [localhost-startStop-1] INFO  context.GrailsConfigUtils  - [GrailsContextLoader] Grails application loaded.
2014-06-11 10:30:40,352 [localhost-startStop-1] INFO  [localhost].[/p1]  - Initializing Spring FrameworkServlet 'grails'
2014-06-11 10:30:40,905 [main] INFO  http11.Http11Protocol  - Starting ProtocolHandler ["http-bio-8080"]
2014-06-11 10:30:50,640 [http-bio-8080-exec-10] INFO  [localhost].[/p1]  - Initializing Spring FrameworkServlet 'gsp'
2014-06-11 10:30:50,640 [http-bio-8080-exec-10] INFO  [localhost].[/p1]  - GSP servlet initialized
2014-06-11 10:30:50,711 [http-bio-8080-exec-10] ERROR [/p1].[gsp]  - Servlet.service() for servlet [gsp] in context with path [/p1] threw exception
java.lang.NullPointerException: Cannot invoke method matchAll() on null object
	at grails.plugin.springsecurity.ReflectionUtils.matchAllUrlMappings(ReflectionUtils.groovy:216)
	at grails.plugin.springsecurity.web.access.intercept.AnnotationFilterInvocationDefinition.determineUrl(AnnotationFilterInvocationDefinition.java:102)
	at grails.plugin.springsecurity.web.access.intercept.AbstractFilterInvocationDefinition.getAttributes(AbstractFilterInvocationDefinition.java:86)
	at grails.plugin.springsecurity.web.filter.GrailsAnonymousAuthenticationFilter.doFilter(GrailsAnonymousAuthenticationFilter.java:53)
	at grails.plugin.springsecurity.web.authentication.RequestHolderAuthenticationFilter.doFilter(RequestHolderAuthenticationFilter.java:49)
	at grails.plugin.springsecurity.web.authentication.logout.MutableLogoutFilter.doFilter(MutableLogoutFilter.java:82)
	at java.util.concurrent.ThreadPoolExecutor.runWorker(ThreadPoolExecutor.java:1145)
	at java.util.concurrent.ThreadPoolExecutor$Worker.run(ThreadPoolExecutor.java:615)
	at java.lang.Thread.run(Thread.java:745)
2014-06-11 10:30:50,736 [http-bio-8080-exec-10] INFO  [localhost].[/p1]  - Initializing Spring FrameworkServlet 'grails-errorhandler'
2014-06-11 10:30:52,252 [http-bio-8080-exec-9] ERROR [/p1].[default]  - Servlet.service() for servlet [default] in context with path [/p1] threw exception
java.lang.NullPointerException: Cannot invoke method matchAll() on null object
	at grails.plugin.springsecurity.ReflectionUtils.matchAllUrlMappings(ReflectionUtils.groovy:216)
	at grails.plugin.springsecurity.web.access.intercept.AnnotationFilterInvocationDefinition.determineUrl(AnnotationFilterInvocationDefinition.java:102)
	at grails.plugin.springsecurity.web.access.intercept.AbstractFilterInvocationDefinition.getAttributes(AbstractFilterInvocationDefinition.java:86)
	at grails.plugin.springsecurity.web.filter.GrailsAnonymousAuthenticationFilter.doFilter(GrailsAnonymousAuthenticationFilter.java:53)
	at grails.plugin.springsecurity.web.authentication.RequestHolderAuthenticationFilter.doFilter(RequestHolderAuthenticationFilter.java:49)
	at grails.plugin.springsecurity.web.authentication.logout.MutableLogoutFilter.doFilter(MutableLogoutFilter.java:82)
	at asset.pipeline.AssetPipelineFilter.doFilter(AssetPipelineFilter.groovy:62)
	at java.util.concurrent.ThreadPoolExecutor.runWorker(ThreadPoolExecutor.java:1145)
	at java.util.concurrent.ThreadPoolExecutor$Worker.run(ThreadPoolExecutor.java:615)
	at java.lang.Thread.run(Thread.java:745)
2014-06-11 10:30:52,252 [http-bio-8080-exec-2] ERROR [/p1].[default]  - Servlet.service() for servlet [default] in context with path [/p1] threw exception
java.lang.NullPointerException: Cannot invoke method matchAll() on null object
	at grails.plugin.springsecurity.ReflectionUtils.matchAllUrlMappings(ReflectionUtils.groovy:216)
	at grails.plugin.springsecurity.web.access.intercept.AnnotationFilterInvocationDefinition.determineUrl(AnnotationFilterInvocationDefinition.java:102)
	at grails.plugin.springsecurity.web.access.intercept.AbstractFilterInvocationDefinition.getAttributes(AbstractFilterInvocationDefinition.java:86)
	at grails.plugin.springsecurity.web.filter.GrailsAnonymousAuthenticationFilter.doFilter(GrailsAnonymousAuthenticationFilter.java:53)
	at grails.plugin.springsecurity.web.authentication.RequestHolderAuthenticationFilter.doFilter(RequestHolderAuthenticationFilter.java:49)
	at grails.plugin.springsecurity.web.authentication.logout.MutableLogoutFilter.doFilter(MutableLogoutFilter.java:82)
	at asset.pipeline.AssetPipelineFilter.doFilter(AssetPipelineFilter.groovy:62)
	at java.util.concurrent.ThreadPoolExecutor.runWorker(ThreadPoolExecutor.java:1145)
	at java.util.concurrent.ThreadPoolExecutor$Worker.run(ThreadPoolExecutor.java:615)
	at java.lang.Thread.run(Thread.java:745)
2014-06-11 10:30:52,252 [http-bio-8080-exec-7] ERROR [/p1].[default]  - Servlet.service() for servlet [default] in context with path [/p1] threw exception
java.lang.NullPointerException: Cannot invoke method matchAll() on null object
	at grails.plugin.springsecurity.ReflectionUtils.matchAllUrlMappings(ReflectionUtils.groovy:216)
	at grails.plugin.springsecurity.web.access.intercept.AnnotationFilterInvocationDefinition.determineUrl(AnnotationFilterInvocationDefinition.java:102)
	at grails.plugin.springsecurity.web.access.intercept.AbstractFilterInvocationDefinition.getAttributes(AbstractFilterInvocationDefinition.java:86)
	at grails.plugin.springsecurity.web.filter.GrailsAnonymousAuthenticationFilter.doFilter(GrailsAnonymousAuthenticationFilter.java:53)
	at grails.plugin.springsecurity.web.authentication.RequestHolderAuthenticationFilter.doFilter(RequestHolderAuthenticationFilter.java:49)
	at grails.plugin.springsecurity.web.authentication.logout.MutableLogoutFilter.doFilter(MutableLogoutFilter.java:82)
	at asset.pipeline.AssetPipelineFilter.doFilter(AssetPipelineFilter.groovy:62)
	at java.util.concurrent.ThreadPoolExecutor.runWorker(ThreadPoolExecutor.java:1145)
	at java.util.concurrent.ThreadPoolExecutor$Worker.run(ThreadPoolExecutor.java:615)
	at java.lang.Thread.run(Thread.java:745)
2014-06-11 10:30:52,252 [http-bio-8080-exec-5] ERROR [/p1].[default]  - Servlet.service() for servlet [default] in context with path [/p1] threw exception
java.lang.NullPointerException: Cannot invoke method matchAll() on null object
	at grails.plugin.springsecurity.ReflectionUtils.matchAllUrlMappings(ReflectionUtils.groovy:216)
	at grails.plugin.springsecurity.web.access.intercept.AnnotationFilterInvocationDefinition.determineUrl(AnnotationFilterInvocationDefinition.java:102)
	at grails.plugin.springsecurity.web.access.intercept.AbstractFilterInvocationDefinition.getAttributes(AbstractFilterInvocationDefinition.java:86)
	at grails.plugin.springsecurity.web.filter.GrailsAnonymousAuthenticationFilter.doFilter(GrailsAnonymousAuthenticationFilter.java:53)
	at grails.plugin.springsecurity.web.authentication.RequestHolderAuthenticationFilter.doFilter(RequestHolderAuthenticationFilter.java:49)
	at grails.plugin.springsecurity.web.authentication.logout.MutableLogoutFilter.doFilter(MutableLogoutFilter.java:82)
	at asset.pipeline.AssetPipelineFilter.doFilter(AssetPipelineFilter.groovy:62)
	at java.util.concurrent.ThreadPoolExecutor.runWorker(ThreadPoolExecutor.java:1145)
	at java.util.concurrent.ThreadPoolExecutor$Worker.run(ThreadPoolExecutor.java:615)
	at java.lang.Thread.run(Thread.java:745)
2014-06-11 10:30:52,252 [http-bio-8080-exec-8] ERROR [/p1].[default]  - Servlet.service() for servlet [default] in context with path [/p1] threw exception
java.lang.NullPointerException: Cannot invoke method matchAll() on null object
	at grails.plugin.springsecurity.ReflectionUtils.matchAllUrlMappings(ReflectionUtils.groovy:216)
	at grails.plugin.springsecurity.web.access.intercept.AnnotationFilterInvocationDefinition.determineUrl(AnnotationFilterInvocationDefinition.java:102)
	at grails.plugin.springsecurity.web.access.intercept.AbstractFilterInvocationDefinition.getAttributes(AbstractFilterInvocationDefinition.java:86)
	at grails.plugin.springsecurity.web.filter.GrailsAnonymousAuthenticationFilter.doFilter(GrailsAnonymousAuthenticationFilter.java:53)
	at grails.plugin.springsecurity.web.authentication.RequestHolderAuthenticationFilter.doFilter(RequestHolderAuthenticationFilter.java:49)
	at grails.plugin.springsecurity.web.authentication.logout.MutableLogoutFilter.doFilter(MutableLogoutFilter.java:82)
	at asset.pipeline.AssetPipelineFilter.doFilter(AssetPipelineFilter.groovy:62)
	at java.util.concurrent.ThreadPoolExecutor.runWorker(ThreadPoolExecutor.java:1145)
	at java.util.concurrent.ThreadPoolExecutor$Worker.run(ThreadPoolExecutor.java:615)
	at java.lang.Thread.run(Thread.java:745)
2014-06-11 10:30:52,252 [http-bio-8080-exec-6] ERROR [/p1].[default]  - Servlet.service() for servlet [default] in context with path [/p1] threw exception
java.lang.NullPointerException: Cannot invoke method matchAll() on null object
	at grails.plugin.springsecurity.ReflectionUtils.matchAllUrlMappings(ReflectionUtils.groovy:216)
	at grails.plugin.springsecurity.web.access.intercept.AnnotationFilterInvocationDefinition.determineUrl(AnnotationFilterInvocationDefinition.java:102)
	at grails.plugin.springsecurity.web.access.intercept.AbstractFilterInvocationDefinition.getAttributes(AbstractFilterInvocationDefinition.java:86)
	at grails.plugin.springsecurity.web.filter.GrailsAnonymousAuthenticationFilter.doFilter(GrailsAnonymousAuthenticationFilter.java:53)
	at grails.plugin.springsecurity.web.authentication.RequestHolderAuthenticationFilter.doFilter(RequestHolderAuthenticationFilter.java:49)
	at grails.plugin.springsecurity.web.authentication.logout.MutableLogoutFilter.doFilter(MutableLogoutFilter.java:82)
	at asset.pipeline.AssetPipelineFilter.doFilter(AssetPipelineFilter.groovy:62)
	at java.util.concurrent.ThreadPoolExecutor.runWorker(ThreadPoolExecutor.java:1145)
	at java.util.concurrent.ThreadPoolExecutor$Worker.run(ThreadPoolExecutor.java:615)
	at java.lang.Thread.run(Thread.java:745)
2014-06-11 10:30:52,661 [http-bio-8080-exec-3] ERROR [/p1].[default]  - Servlet.service() for servlet [default] in context with path [/p1] threw exception
java.lang.NullPointerException: Cannot invoke method matchAll() on null object
	at grails.plugin.springsecurity.ReflectionUtils.matchAllUrlMappings(ReflectionUtils.groovy:216)
	at grails.plugin.springsecurity.web.access.intercept.AnnotationFilterInvocationDefinition.determineUrl(AnnotationFilterInvocationDefinition.java:102)
	at grails.plugin.springsecurity.web.access.intercept.AbstractFilterInvocationDefinition.getAttributes(AbstractFilterInvocationDefinition.java:86)
	at grails.plugin.springsecurity.web.filter.GrailsAnonymousAuthenticationFilter.doFilter(GrailsAnonymousAuthenticationFilter.java:53)
	at grails.plugin.springsecurity.web.authentication.RequestHolderAuthenticationFilter.doFilter(RequestHolderAuthenticationFilter.java:49)
	at grails.plugin.springsecurity.web.authentication.logout.MutableLogoutFilter.doFilter(MutableLogoutFilter.java:82)
	at asset.pipeline.AssetPipelineFilter.doFilter(AssetPipelineFilter.groovy:62)
	at java.util.concurrent.ThreadPoolExecutor.runWorker(ThreadPoolExecutor.java:1145)
	at java.util.concurrent.ThreadPoolExecutor$Worker.run(ThreadPoolExecutor.java:615)
	at java.lang.Thread.run(Thread.java:745)
2014-06-11 10:30:52,688 [http-bio-8080-exec-4] ERROR [/p1].[default]  - Servlet.service() for servlet [default] in context with path [/p1] threw exception
java.lang.NullPointerException: Cannot invoke method matchAll() on null object
	at grails.plugin.springsecurity.ReflectionUtils.matchAllUrlMappings(ReflectionUtils.groovy:216)
	at grails.plugin.springsecurity.web.access.intercept.AnnotationFilterInvocationDefinition.determineUrl(AnnotationFilterInvocationDefinition.java:102)
	at grails.plugin.springsecurity.web.access.intercept.AbstractFilterInvocationDefinition.getAttributes(AbstractFilterInvocationDefinition.java:86)
	at grails.plugin.springsecurity.web.filter.GrailsAnonymousAuthenticationFilter.doFilter(GrailsAnonymousAuthenticationFilter.java:53)
	at grails.plugin.springsecurity.web.authentication.RequestHolderAuthenticationFilter.doFilter(RequestHolderAuthenticationFilter.java:49)
	at grails.plugin.springsecurity.web.authentication.logout.MutableLogoutFilter.doFilter(MutableLogoutFilter.java:82)
	at asset.pipeline.AssetPipelineFilter.doFilter(AssetPipelineFilter.groovy:62)
	at java.util.concurrent.ThreadPoolExecutor.runWorker(ThreadPoolExecutor.java:1145)
	at java.util.concurrent.ThreadPoolExecutor$Worker.run(ThreadPoolExecutor.java:615)
	at java.lang.Thread.run(Thread.java:745)
2014-06-11 10:31:03,073 [Thread-7] INFO  domain.GrailsDomainClassCleaner  - Clearing static property staticGormStaticApi in com.p1.SecRole
2014-06-11 10:31:03,075 [Thread-7] INFO  domain.GrailsDomainClassCleaner  - Clearing static property instanceGormInstanceApi in com.p1.SecRole
2014-06-11 10:31:03,078 [Thread-7] INFO  domain.GrailsDomainClassCleaner  - Clearing static property instanceGormValidationApi in com.p1.SecRole
2014-06-11 10:31:03,081 [Thread-7] INFO  domain.GrailsDomainClassCleaner  - Clearing static property staticGormStaticApi in com.p1.SecUser
2014-06-11 10:31:03,084 [Thread-7] INFO  domain.GrailsDomainClassCleaner  - Clearing static property instanceGormInstanceApi in com.p1.SecUser
2014-06-11 10:31:03,087 [Thread-7] INFO  domain.GrailsDomainClassCleaner  - Clearing static property instanceGormValidationApi in com.p1.SecUser
2014-06-11 10:31:03,090 [Thread-7] INFO  domain.GrailsDomainClassCleaner  - Clearing static property staticGormStaticApi in com.p1.SecUserSecRole
2014-06-11 10:31:03,094 [Thread-7] INFO  domain.GrailsDomainClassCleaner  - Clearing static property instanceGormInstanceApi in com.p1.SecUserSecRole
2014-06-11 10:31:03,097 [Thread-7] INFO  domain.GrailsDomainClassCleaner  - Clearing static property instanceGormValidationApi in com.p1.SecUserSecRole
2014-06-11 10:31:03,100 [Thread-7] INFO  domain.GrailsDomainClassCleaner  - Clearing static property staticGormStaticApi in p1.First
2014-06-11 10:31:03,103 [Thread-7] INFO  domain.GrailsDomainClassCleaner  - Clearing static property instanceGormInstanceApi in p1.First
2014-06-11 10:31:03,106 [Thread-7] INFO  domain.GrailsDomainClassCleaner  - Clearing static property instanceGormValidationApi in p1.First
2014-06-11 10:31:03,109 [Thread-7] INFO  domain.GrailsDomainClassCleaner  - Clearing static property instanceGormValidationApi in unity.Users
2014-06-11 10:31:03,112 [Thread-7] INFO  domain.GrailsDomainClassCleaner  - Clearing static property staticGormStaticApi in unity.Users
2014-06-11 10:31:03,115 [Thread-7] INFO  domain.GrailsDomainClassCleaner  - Clearing static property instanceGormInstanceApi in unity.Users
2014-06-11 10:31:19,364 [main] INFO  webxml.WebxmlGrailsPlugin  - Loading default config file: class DefaultWebXmlConfig
2014-06-11 10:31:19,388 [main] WARN  webxml.WebxmlGrailsPlugin  - Did not find application config file: WebXmlConfig
2014-06-11 10:31:20,829 [main] INFO  webxml.WebxmlGrailsPlugin  - Loading default config file: class DefaultWebXmlConfig
2014-06-11 10:31:20,833 [main] WARN  webxml.WebxmlGrailsPlugin  - Did not find application config file: WebXmlConfig
2014-06-11 10:31:24,931 [localhost-startStop-1] INFO  [localhost].[/p1]  - Initializing Spring root WebApplicationContext
2014-06-11 10:31:28,477 [localhost-startStop-1] INFO  hibernate4.HibernatePluginSupport  - Set db generation strategy to 'update' for datasource DEFAULT
2014-06-11 10:31:29,769 [localhost-startStop-1] INFO  cache.CacheBeanPostProcessor  - postProcessBeanDefinitionRegistry start
2014-06-11 10:31:29,780 [localhost-startStop-1] INFO  cache.CacheBeanPostProcessor  - postProcessBeanFactory
2014-06-11 10:31:29,854 [localhost-startStop-1] WARN  pool.ConnectionPool  - maxActive is smaller than 1, setting maxActive to: 100
2014-06-11 10:31:30,598 [localhost-startStop-1] WARN  config.ConfigurationFactory  - No configuration found. Configuring ehcache from ehcache-failsafe.xml  found in the classpath: jar:file:/Users/georgeqwu/.m2/repository/net/sf/ehcache/ehcache-core/2.4.8/ehcache-core-2.4.8.jar!/ehcache-failsafe.xml
2014-06-11 10:31:32,945 [localhost-startStop-1] INFO  scaffolding.AbstractGrailsTemplateGenerator  - Scaffolding template generator set to use resource loader [org.codehaus.groovy.grails.commons.spring.GrailsWebApplicationContext@dc0d76: startup date [Wed Jun 11 10:31:29 PDT 2014]; parent: Root WebApplicationContext]
2014-06-11 10:31:36,116 [localhost-startStop-1] INFO  ScaffoldingGrailsPlugin  - configuring scaffolding...
2014-06-11 10:31:36,122 [localhost-startStop-1] INFO  ScaffoldingGrailsPlugin  - done configuring scaffolding.
2014-06-11 10:31:36,127 [localhost-startStop-1] INFO  context.GrailsConfigUtils  - [GrailsContextLoader] Grails application loaded.
2014-06-11 10:31:36,373 [localhost-startStop-1] INFO  [localhost].[/p1]  - Initializing Spring FrameworkServlet 'grails'
2014-06-11 10:31:36,448 [main] INFO  http11.Http11Protocol  - Starting ProtocolHandler ["http-bio-8080"]
2014-06-11 10:36:47,005 [http-bio-8080-exec-4] INFO  [localhost].[/p1]  - Initializing Spring FrameworkServlet 'gsp'
2014-06-11 10:36:47,005 [http-bio-8080-exec-4] INFO  [localhost].[/p1]  - GSP servlet initialized
2014-06-11 10:36:47,156 [http-bio-8080-exec-10] INFO  springsecurity.LoginController  - inside auth() of LoginController
2014-06-11 10:36:48,864 [http-bio-8080-exec-10] INFO  springsecurity.LoginController  - inside auth() of LoginController
2014-06-11 10:36:49,055 [http-bio-8080-exec-10] INFO  springsecurity.LoginController  - inside auth() of LoginController
2014-06-11 10:36:49,160 [http-bio-8080-exec-10] INFO  springsecurity.LoginController  - inside auth() of LoginController
2014-06-11 10:36:49,251 [http-bio-8080-exec-10] INFO  springsecurity.LoginController  - inside auth() of LoginController
2014-06-11 10:36:49,398 [http-bio-8080-exec-10] INFO  springsecurity.LoginController  - inside auth() of LoginController
2014-06-11 10:36:49,502 [http-bio-8080-exec-10] INFO  springsecurity.LoginController  - inside auth() of LoginController
2014-06-11 10:36:49,580 [http-bio-8080-exec-10] INFO  springsecurity.LoginController  - inside auth() of LoginController
2014-06-11 10:37:44,998 [Thread-7] INFO  domain.GrailsDomainClassCleaner  - Clearing static property staticGormStaticApi in com.p1.SecRole
2014-06-11 10:37:44,999 [Thread-7] INFO  domain.GrailsDomainClassCleaner  - Clearing static property instanceGormInstanceApi in com.p1.SecRole
2014-06-11 10:37:45,003 [Thread-7] INFO  domain.GrailsDomainClassCleaner  - Clearing static property instanceGormValidationApi in com.p1.SecRole
2014-06-11 10:37:45,007 [Thread-7] INFO  domain.GrailsDomainClassCleaner  - Clearing static property staticGormStaticApi in com.p1.SecUser
2014-06-11 10:37:45,010 [Thread-7] INFO  domain.GrailsDomainClassCleaner  - Clearing static property instanceGormInstanceApi in com.p1.SecUser
2014-06-11 10:37:45,013 [Thread-7] INFO  domain.GrailsDomainClassCleaner  - Clearing static property instanceGormValidationApi in com.p1.SecUser
2014-06-11 10:37:45,017 [Thread-7] INFO  domain.GrailsDomainClassCleaner  - Clearing static property staticGormStaticApi in com.p1.SecUserSecRole
2014-06-11 10:37:45,020 [Thread-7] INFO  domain.GrailsDomainClassCleaner  - Clearing static property instanceGormInstanceApi in com.p1.SecUserSecRole
2014-06-11 10:37:45,023 [Thread-7] INFO  domain.GrailsDomainClassCleaner  - Clearing static property instanceGormValidationApi in com.p1.SecUserSecRole
2014-06-11 10:37:45,027 [Thread-7] INFO  domain.GrailsDomainClassCleaner  - Clearing static property staticGormStaticApi in p1.First
2014-06-11 10:37:45,030 [Thread-7] INFO  domain.GrailsDomainClassCleaner  - Clearing static property instanceGormInstanceApi in p1.First
2014-06-11 10:37:45,033 [Thread-7] INFO  domain.GrailsDomainClassCleaner  - Clearing static property instanceGormValidationApi in p1.First
2014-06-11 10:37:45,037 [Thread-7] INFO  domain.GrailsDomainClassCleaner  - Clearing static property instanceGormValidationApi in unity.Users
2014-06-11 10:37:45,040 [Thread-7] INFO  domain.GrailsDomainClassCleaner  - Clearing static property staticGormStaticApi in unity.Users
2014-06-11 10:37:45,043 [Thread-7] INFO  domain.GrailsDomainClassCleaner  - Clearing static property instanceGormInstanceApi in unity.Users
2014-06-11 10:40:25,913 [main] INFO  webxml.WebxmlGrailsPlugin  - Loading default config file: class DefaultWebXmlConfig
2014-06-11 10:40:25,935 [main] WARN  webxml.WebxmlGrailsPlugin  - Did not find application config file: WebXmlConfig
2014-06-11 10:40:27,160 [main] INFO  webxml.WebxmlGrailsPlugin  - Loading default config file: class DefaultWebXmlConfig
2014-06-11 10:40:27,166 [main] WARN  webxml.WebxmlGrailsPlugin  - Did not find application config file: WebXmlConfig
2014-06-11 10:40:31,374 [localhost-startStop-1] INFO  [localhost].[/p1]  - Initializing Spring root WebApplicationContext
2014-06-11 10:40:35,197 [localhost-startStop-1] INFO  hibernate4.HibernatePluginSupport  - Set db generation strategy to 'update' for datasource DEFAULT
2014-06-11 10:40:36,723 [localhost-startStop-1] INFO  cache.CacheBeanPostProcessor  - postProcessBeanDefinitionRegistry start
2014-06-11 10:40:36,735 [localhost-startStop-1] INFO  cache.CacheBeanPostProcessor  - postProcessBeanFactory
2014-06-11 10:40:36,809 [localhost-startStop-1] WARN  pool.ConnectionPool  - maxActive is smaller than 1, setting maxActive to: 100
2014-06-11 10:40:37,634 [localhost-startStop-1] WARN  config.ConfigurationFactory  - No configuration found. Configuring ehcache from ehcache-failsafe.xml  found in the classpath: jar:file:/Users/georgeqwu/.m2/repository/net/sf/ehcache/ehcache-core/2.4.8/ehcache-core-2.4.8.jar!/ehcache-failsafe.xml
2014-06-11 10:40:39,684 [localhost-startStop-1] INFO  scaffolding.AbstractGrailsTemplateGenerator  - Scaffolding template generator set to use resource loader [org.codehaus.groovy.grails.commons.spring.GrailsWebApplicationContext@4dd26cb3: startup date [Wed Jun 11 10:40:36 PDT 2014]; parent: Root WebApplicationContext]
2014-06-11 10:40:42,635 [localhost-startStop-1] INFO  ScaffoldingGrailsPlugin  - configuring scaffolding...
2014-06-11 10:40:42,639 [localhost-startStop-1] INFO  ScaffoldingGrailsPlugin  - done configuring scaffolding.
2014-06-11 10:40:42,644 [localhost-startStop-1] INFO  context.GrailsConfigUtils  - [GrailsContextLoader] Grails application loaded.
2014-06-11 10:40:42,857 [localhost-startStop-1] INFO  [localhost].[/p1]  - Initializing Spring FrameworkServlet 'grails'
2014-06-11 10:40:42,927 [main] INFO  http11.Http11Protocol  - Starting ProtocolHandler ["http-bio-8080"]
2014-06-11 10:40:51,776 [http-bio-8080-exec-4] INFO  [localhost].[/p1]  - Initializing Spring FrameworkServlet 'gsp'
2014-06-11 10:40:51,776 [http-bio-8080-exec-4] INFO  [localhost].[/p1]  - GSP servlet initialized
2014-06-11 10:40:51,945 [http-bio-8080-exec-10] INFO  springsecurity.LoginController  - inside auth() of LoginController
2014-06-11 10:40:53,773 [http-bio-8080-exec-10] INFO  springsecurity.LoginController  - inside auth() of LoginController
2014-06-11 10:40:53,915 [http-bio-8080-exec-10] INFO  springsecurity.LoginController  - inside auth() of LoginController
2014-06-11 10:40:54,033 [http-bio-8080-exec-10] INFO  springsecurity.LoginController  - inside auth() of LoginController
2014-06-11 10:40:54,127 [http-bio-8080-exec-10] INFO  springsecurity.LoginController  - inside auth() of LoginController
2014-06-11 10:40:54,285 [http-bio-8080-exec-10] INFO  springsecurity.LoginController  - inside auth() of LoginController
2014-06-11 10:40:54,364 [http-bio-8080-exec-10] INFO  springsecurity.LoginController  - inside auth() of LoginController
2014-06-11 10:40:54,452 [http-bio-8080-exec-10] INFO  springsecurity.LoginController  - inside auth() of LoginController
